<?xml version="1.0" encoding="UTF-8"?>
<!-- Generated by org.testng.reporters.JUnitReportReporter -->
<testsuite skipped="0" hostname="Elena-PC" name="journeys.test.ClientTest" tests="4" failures="0" timestamp="15 мая 2017 02:18:46 GMT" time="0.124" errors="0">
  <testcase name="findAll" time="0.046" classname="journeys.test.ClientTest"/>
  <testcase name="saveOrUpdate" time="0.000" classname="journeys.test.ClientTest"/>
  <testcase name="delete" time="0.062" classname="journeys.test.ClientTest"/>
  <testcase name="findAllOrders" time="0.016" classname="journeys.test.ClientTest"/>
</testsuite> <!-- journeys.test.ClientTest -->
