<?xml version="1.0" encoding="UTF-8"?>
<!-- Generated by org.testng.reporters.JUnitReportReporter -->
<testsuite skipped="0" hostname="Elena-PC" name="journeys.test.JourneyTest" tests="8" failures="0" timestamp="15 мая 2017 02:18:46 GMT" time="2.411" errors="0">
  <testcase name="findAll" time="0.053" classname="journeys.test.JourneyTest"/>
  <testcase name="getSheduleWithDirection" time="0.003" classname="journeys.test.JourneyTest"/>
  <testcase name="saveOrUpdate" time="0.011" classname="journeys.test.JourneyTest"/>
  <testcase name="delete" time="0.194" classname="journeys.test.JourneyTest"/>
  <testcase name="getSheduleWithStation" time="0.014" classname="journeys.test.JourneyTest"/>
  <testcase name="getFullShedule" time="0.015" classname="journeys.test.JourneyTest"/>
  <testcase name="getOrders" time="0.047" classname="journeys.test.JourneyTest"/>
  <testcase name="getClients" time="2.074" classname="journeys.test.JourneyTest"/>
</testsuite> <!-- journeys.test.JourneyTest -->
