<?xml version="1.0" encoding="UTF-8"?>
<!-- Generated by org.testng.reporters.JUnitReportReporter -->
<testsuite skipped="0" hostname="Elena-PC" name="journeys.test.StationTest" tests="3" failures="0" timestamp="15 мая 2017 02:18:46 GMT" time="0.083" errors="0">
  <testcase name="findAll" time="0.049" classname="journeys.test.StationTest"/>
  <testcase name="delete" time="0.032" classname="journeys.test.StationTest"/>
  <testcase name="saveOrUpdate" time="0.002" classname="journeys.test.StationTest"/>
</testsuite> <!-- journeys.test.StationTest -->
