<?xml version="1.0" encoding="UTF-8"?>
<!-- Generated by org.testng.reporters.JUnitReportReporter -->
<testsuite skipped="0" hostname="Elena-PC" name="journeys.test.DirectionTest" tests="3" failures="0" timestamp="15 мая 2017 02:18:46 GMT" time="0.074" errors="0">
  <testcase name="delete" time="0.025" classname="journeys.test.DirectionTest"/>
  <testcase name="saveOrUpdate" time="0.018" classname="journeys.test.DirectionTest"/>
  <testcase name="findAll" time="0.031" classname="journeys.test.DirectionTest"/>
</testsuite> <!-- journeys.test.DirectionTest -->
