<?xml version="1.0" encoding="UTF-8"?>
<!-- Generated by org.testng.reporters.JUnitReportReporter -->
<testsuite skipped="0" hostname="Elena-PC" name="journeys.test.CompanyTest" tests="4" failures="0" timestamp="15 мая 2017 02:18:46 GMT" time="0.162" errors="0">
  <testcase name="findAll" time="0.064" classname="journeys.test.CompanyTest"/>
  <testcase name="delete" time="0.031" classname="journeys.test.CompanyTest"/>
  <testcase name="saveOrUpdate" time="0.046" classname="journeys.test.CompanyTest"/>
  <testcase name="findAllClients" time="0.021" classname="journeys.test.CompanyTest"/>
</testsuite> <!-- journeys.test.CompanyTest -->
