<?xml version="1.0" encoding="UTF-8"?>
<!-- Generated by org.testng.reporters.JUnitReportReporter -->
<testsuite skipped="0" hostname="Elena-PC" name="journeys.test.RouteTest" tests="6" failures="0" timestamp="15 мая 2017 02:18:46 GMT" time="0.175" errors="0">
  <testcase name="getCost" time="0.000" classname="journeys.test.RouteTest"/>
  <testcase name="findAll" time="0.062" classname="journeys.test.RouteTest"/>
  <testcase name="getSheduleOfStops" time="0.067" classname="journeys.test.RouteTest"/>
  <testcase name="delete" time="0.039" classname="journeys.test.RouteTest"/>
  <testcase name="getShedule" time="0.000" classname="journeys.test.RouteTest"/>
  <testcase name="saveOrUpdate" time="0.007" classname="journeys.test.RouteTest"/>
</testsuite> <!-- journeys.test.RouteTest -->
