<?xml version="1.0" encoding="UTF-8"?>
<!-- Generated by org.testng.reporters.JUnitReportReporter -->
<testsuite skipped="0" hostname="Elena-PC" name="journeys.test.OrderTest" tests="4" failures="0" timestamp="15 мая 2017 02:18:46 GMT" time="0.219" errors="0">
  <testcase name="findAll" time="0.132" classname="journeys.test.OrderTest"/>
  <testcase name="getCost" time="0.016" classname="journeys.test.OrderTest"/>
  <testcase name="saveOrUpdate" time="0.011" classname="journeys.test.OrderTest"/>
  <testcase name="delete" time="0.060" classname="journeys.test.OrderTest"/>
</testsuite> <!-- journeys.test.OrderTest -->
